expeb!ShellCode:
000e1340 64a130000000    mov     eax,dword ptr fs:[00000030h]
000e1346 56              push    esi
000e1347 8b742408        mov     esi,dword ptr [esp+8]
000e134b 56              push    esi
000e134c 8986080a0000    mov     dword ptr [esi+0A08h],eax
000e1352 e8a9fcffff      call    expeb!GetImageBase (000e1000)
000e1357 56              push    esi
000e1358 ffb60c0a0000    push    dword ptr [esi+0A0Ch]
000e135e e89dfdffff      call    expeb!GetProcAddress (000e1100)
000e1363 56              push    esi
000e1364 ffb6100a0000    push    dword ptr [esi+0A10h]
000e136a e891fdffff      call    expeb!GetProcAddress (000e1100)
000e136f 83c414          add     esp,14h
000e1372 b82a000000      mov     eax,2Ah
000e1377 5e              pop     esi
000e1378 c3              ret

expeb!GetImageBase:
000e1000 53              push    ebx
000e1001 56              push    esi
000e1002 8b74240c        mov     esi,dword ptr [esp+0Ch]
000e1006 8b86080a0000    mov     eax,dword ptr [esi+0A08h]
000e100c 8b580c          mov     ebx,dword ptr [eax+0Ch]
000e100f 83c314          add     ebx,14h
000e1012 8b0b            mov     ecx,dword ptr [ebx]
000e1014 3bcb            cmp     ecx,ebx
000e1016 0f84c4000000    je      expeb!GetImageBase+0xe0 (000e10e0)
000e101c 57              push    edi
000e101d 8bbe0c0a0000    mov     edi,dword ptr [esi+0A0Ch]
000e1023 8b4128          mov     eax,dword ptr [ecx+28h]
000e1026 85ff            test    edi,edi
000e1028 751a            jne     expeb!GetImageBase+0x44 (000e1044)
000e102a 81386e007400    cmp     dword ptr [eax],74006Eh
000e1030 7512            jne     expeb!GetImageBase+0x44 (000e1044)
000e1032 81780464006c00  cmp     dword ptr [eax+4],6C0064h
000e1039 7509            jne     expeb!GetImageBase+0x44 (000e1044)
000e103b 8178086c002e00  cmp     dword ptr [eax+8],2E006Ch
000e1042 741c            je      expeb!GetImageBase+0x60 (000e1060)
000e1044 8b10            mov     edx,dword ptr [eax]
000e1046 81fa4e005400    cmp     edx,54004Eh
000e104c 751d            jne     expeb!GetImageBase+0x6b (000e106b)
000e104e 81780444004c00  cmp     dword ptr [eax+4],4C0044h
000e1055 7514            jne     expeb!GetImageBase+0x6b (000e106b)
000e1057 8178084c002e00  cmp     dword ptr [eax+8],2E004Ch
000e105e 750b            jne     expeb!GetImageBase+0x6b (000e106b)
000e1060 8b7910          mov     edi,dword ptr [ecx+10h]
000e1063 89be0c0a0000    mov     dword ptr [esi+0A0Ch],edi
000e1069 eb6a            jmp     expeb!GetImageBase+0xd5 (000e10d5)
000e106b 83be100a000000  cmp     dword ptr [esi+0A10h],0
000e1072 752c            jne     expeb!GetImageBase+0xa0 (000e10a0)
000e1074 81fa4b004500    cmp     edx,45004Bh
000e107a 7524            jne     expeb!GetImageBase+0xa0 (000e10a0)
000e107c 81780452004e00  cmp     dword ptr [eax+4],4E0052h
000e1083 751b            jne     expeb!GetImageBase+0xa0 (000e10a0)
000e1085 81780845004c00  cmp     dword ptr [eax+8],4C0045h
000e108c 7512            jne     expeb!GetImageBase+0xa0 (000e10a0)
000e108e 81780c33003200  cmp     dword ptr [eax+0Ch],320033h
000e1095 7509            jne     expeb!GetImageBase+0xa0 (000e10a0)
000e1097 8178102e004400  cmp     dword ptr [eax+10h],44002Eh
000e109e 742c            je      expeb!GetImageBase+0xcc (000e10cc)
000e10a0 81fa6b006500    cmp     edx,65006Bh
000e10a6 752d            jne     expeb!GetImageBase+0xd5 (000e10d5)
000e10a8 81780472006e00  cmp     dword ptr [eax+4],6E0072h
000e10af 7524            jne     expeb!GetImageBase+0xd5 (000e10d5)
000e10b1 81780865006c00  cmp     dword ptr [eax+8],6C0065h
000e10b8 751b            jne     expeb!GetImageBase+0xd5 (000e10d5)
000e10ba 81780c33003200  cmp     dword ptr [eax+0Ch],320033h
000e10c1 7512            jne     expeb!GetImageBase+0xd5 (000e10d5)
000e10c3 8178102e006400  cmp     dword ptr [eax+10h],64002Eh
000e10ca 7509            jne     expeb!GetImageBase+0xd5 (000e10d5)
000e10cc 8b4110          mov     eax,dword ptr [ecx+10h]
000e10cf 8986100a0000    mov     dword ptr [esi+0A10h],eax
000e10d5 8b09            mov     ecx,dword ptr [ecx]
000e10d7 3bcb            cmp     ecx,ebx
000e10d9 0f8544ffffff    jne     expeb!GetImageBase+0x23 (000e1023)
000e10df 5f              pop     edi
000e10e0 5e              pop     esi
000e10e1 5b              pop     ebx
000e10e2 c3              ret

expeb!GetProcAddress:
000e1100 83ec0c          sub     esp,0Ch
000e1103 b84d5a0000      mov     eax,5A4Dh
000e1108 53              push    ebx
000e1109 8b5c2414        mov     ebx,dword ptr [esp+14h]
000e110d 663903          cmp     word ptr [ebx],ax
000e1110 0f851a020000    jne     expeb!GetProcAddress+0x230 (000e1330)
000e1116 8b533c          mov     edx,dword ptr [ebx+3Ch]
000e1119 813c1a50450000  cmp     dword ptr [edx+ebx],4550h
000e1120 0f850a020000    jne     expeb!GetProcAddress+0x230 (000e1330)
000e1126 0fb74c1a04      movzx   ecx,word ptr [edx+ebx+4]
000e112b 57              push    edi
000e112c bf4c010000      mov     edi,14Ch
000e1131 663bcf          cmp     cx,di
000e1134 740e            je      expeb!GetProcAddress+0x44 (000e1144)
000e1136 b864860000      mov     eax,8664h
000e113b 663bc8          cmp     cx,ax
000e113e 0f85eb010000    jne     expeb!GetProcAddress+0x22f (000e132f)
000e1144 663bcf          cmp     cx,di
000e1147 56              push    esi
000e1148 be60000000      mov     esi,60h
000e114d b870000000      mov     eax,70h
000e1152 0f44c6          cmove   eax,esi
000e1155 03c2            add     eax,edx
000e1157 33ff            xor     edi,edi
000e1159 8b441818        mov     eax,dword ptr [eax+ebx+18h]
000e115d 03c3            add     eax,ebx
000e115f 8944240c        mov     dword ptr [esp+0Ch],eax
000e1163 8b4820          mov     ecx,dword ptr [eax+20h]
000e1166 8b7024          mov     esi,dword ptr [eax+24h]
000e1169 8b501c          mov     edx,dword ptr [eax+1Ch]
000e116c 03cb            add     ecx,ebx
000e116e 03f3            add     esi,ebx
000e1170 03d3            add     edx,ebx
000e1172 894c2410        mov     dword ptr [esp+10h],ecx
000e1176 89742414        mov     dword ptr [esp+14h],esi
000e117a 8954241c        mov     dword ptr [esp+1Ch],edx
000e117e 397818          cmp     dword ptr [eax+18h],edi
000e1181 0f86a7010000    jbe     expeb!GetProcAddress+0x22e (000e132e)
000e1187 8b542420        mov     edx,dword ptr [esp+20h]
000e118b 55              push    ebp
000e118c 8baa140a0000    mov     ebp,dword ptr [edx+0A14h]
000e1192 8b04b9          mov     eax,dword ptr [ecx+edi*4]
000e1195 0fb70c7e        movzx   ecx,word ptr [esi+edi*2]
000e1199 8b742420        mov     esi,dword ptr [esp+20h]
000e119d 03c3            add     eax,ebx
000e119f 8b348e          mov     esi,dword ptr [esi+ecx*4]
000e11a2 03f3            add     esi,ebx
000e11a4 85ed            test    ebp,ebp
000e11a6 752d            jne     expeb!GetProcAddress+0xd5 (000e11d5)
000e11a8 81384c6f6164    cmp     dword ptr [eax],64616F4Ch
000e11ae 7525            jne     expeb!GetProcAddress+0xd5 (000e11d5)
000e11b0 8178044c696272  cmp     dword ptr [eax+4],7262694Ch
000e11b7 751c            jne     expeb!GetProcAddress+0xd5 (000e11d5)
000e11b9 81780861727957  cmp     dword ptr [eax+8],57797261h
000e11c0 7513            jne     expeb!GetProcAddress+0xd5 (000e11d5)
000e11c2 80780c00        cmp     byte ptr [eax+0Ch],0
000e11c6 750d            jne     expeb!GetProcAddress+0xd5 (000e11d5)
000e11c8 8bee            mov     ebp,esi
000e11ca 89b2140a0000    mov     dword ptr [edx+0A14h],esi
000e11d0 e942010000      jmp     expeb!GetProcAddress+0x217 (000e1317)
000e11d5 83ba180a000000  cmp     dword ptr [edx+0A18h],0
000e11dc 7525            jne     expeb!GetProcAddress+0x103 (000e1203)
000e11de 813846726565    cmp     dword ptr [eax],65657246h
000e11e4 751d            jne     expeb!GetProcAddress+0x103 (000e1203)
000e11e6 8178044c696272  cmp     dword ptr [eax+4],7262694Ch
000e11ed 7514            jne     expeb!GetProcAddress+0x103 (000e1203)
000e11ef 81780861727900  cmp     dword ptr [eax+8],797261h
000e11f6 750b            jne     expeb!GetProcAddress+0x103 (000e1203)
000e11f8 89b2180a0000    mov     dword ptr [edx+0A18h],esi
000e11fe e914010000      jmp     expeb!GetProcAddress+0x217 (000e1317)
000e1203 83ba1c0a000000  cmp     dword ptr [edx+0A1Ch],0
000e120a 7536            jne     expeb!GetProcAddress+0x142 (000e1242)
000e120c 813847657450    cmp     dword ptr [eax],50746547h
000e1212 752e            jne     expeb!GetProcAddress+0x142 (000e1242)
000e1214 817804726f6341  cmp     dword ptr [eax+4],41636F72h
000e121b 7525            jne     expeb!GetProcAddress+0x142 (000e1242)
000e121d 81780864647265  cmp     dword ptr [eax+8],65726464h
000e1224 751c            jne     expeb!GetProcAddress+0x142 (000e1242)
000e1226 8b480c          mov     ecx,dword ptr [eax+0Ch]
000e1229 81e1ffffff00    and     ecx,0FFFFFFh
000e122f 81f973730000    cmp     ecx,7373h
000e1235 750b            jne     expeb!GetProcAddress+0x142 (000e1242)
000e1237 89b21c0a0000    mov     dword ptr [edx+0A1Ch],esi
000e123d e9d5000000      jmp     expeb!GetProcAddress+0x217 (000e1317)
000e1242 83ba200a000000  cmp     dword ptr [edx+0A20h],0
000e1249 752b            jne     expeb!GetProcAddress+0x176 (000e1276)
000e124b 813843726561    cmp     dword ptr [eax],61657243h
000e1251 7523            jne     expeb!GetProcAddress+0x176 (000e1276)
000e1253 81780474655468  cmp     dword ptr [eax+4],68546574h
000e125a 751a            jne     expeb!GetProcAddress+0x176 (000e1276)
000e125c 81780872656164  cmp     dword ptr [eax+8],64616572h
000e1263 7511            jne     expeb!GetProcAddress+0x176 (000e1276)
000e1265 80780c00        cmp     byte ptr [eax+0Ch],0
000e1269 750b            jne     expeb!GetProcAddress+0x176 (000e1276)
000e126b 89b2200a0000    mov     dword ptr [edx+0A20h],esi
000e1271 e9a1000000      jmp     expeb!GetProcAddress+0x217 (000e1317)
000e1276 83ba240a000000  cmp     dword ptr [edx+0A24h],0
000e127d 7532            jne     expeb!GetProcAddress+0x1b1 (000e12b1)
000e127f 813852746c45    cmp     dword ptr [eax],456C7452h
000e1285 752a            jne     expeb!GetProcAddress+0x1b1 (000e12b1)
000e1287 81780478697455  cmp     dword ptr [eax+4],55746978h
000e128e 7521            jne     expeb!GetProcAddress+0x1b1 (000e12b1)
000e1290 81780873657254  cmp     dword ptr [eax+8],54726573h
000e1297 7518            jne     expeb!GetProcAddress+0x1b1 (000e12b1)
000e1299 81780c68726561  cmp     dword ptr [eax+0Ch],61657268h
000e12a0 750f            jne     expeb!GetProcAddress+0x1b1 (000e12b1)
000e12a2 6683781064      cmp     word ptr [eax+10h],64h
000e12a7 7508            jne     expeb!GetProcAddress+0x1b1 (000e12b1)
000e12a9 89b2240a0000    mov     dword ptr [edx+0A24h],esi
000e12af eb66            jmp     expeb!GetProcAddress+0x217 (000e1317)
000e12b1 83ba280a000000  cmp     dword ptr [edx+0A28h],0
000e12b8 7534            jne     expeb!GetProcAddress+0x1ee (000e12ee)
000e12ba 813857616974    cmp     dword ptr [eax],74696157h
000e12c0 752c            jne     expeb!GetProcAddress+0x1ee (000e12ee)
000e12c2 817804466f7253  cmp     dword ptr [eax+4],53726F46h
000e12c9 7523            jne     expeb!GetProcAddress+0x1ee (000e12ee)
000e12cb 817808696e676c  cmp     dword ptr [eax+8],6C676E69h
000e12d2 751a            jne     expeb!GetProcAddress+0x1ee (000e12ee)
000e12d4 81780c654f626a  cmp     dword ptr [eax+0Ch],6A624F65h
000e12db 7511            jne     expeb!GetProcAddress+0x1ee (000e12ee)
000e12dd 81781065637400  cmp     dword ptr [eax+10h],746365h
000e12e4 7508            jne     expeb!GetProcAddress+0x1ee (000e12ee)
000e12e6 89b2280a0000    mov     dword ptr [edx+0A28h],esi
000e12ec eb29            jmp     expeb!GetProcAddress+0x217 (000e1317)
000e12ee 83ba2c0a000000  cmp     dword ptr [edx+0A2Ch],0
000e12f5 7520            jne     expeb!GetProcAddress+0x217 (000e1317)
000e12f7 8138436c6f73    cmp     dword ptr [eax],736F6C43h
000e12fd 7518            jne     expeb!GetProcAddress+0x217 (000e1317)
000e12ff 8178046548616e  cmp     dword ptr [eax+4],6E614865h
000e1306 750f            jne     expeb!GetProcAddress+0x217 (000e1317)
000e1308 817808646c6500  cmp     dword ptr [eax+8],656C64h
000e130f 7506            jne     expeb!GetProcAddress+0x217 (000e1317)
000e1311 89b22c0a0000    mov     dword ptr [edx+0A2Ch],esi
000e1317 8b442410        mov     eax,dword ptr [esp+10h]
000e131b 8b4c2414        mov     ecx,dword ptr [esp+14h]
000e131f 8b742418        mov     esi,dword ptr [esp+18h]
000e1323 47              inc     edi
000e1324 3b7818          cmp     edi,dword ptr [eax+18h]
000e1327 0f8265feffff    jb      expeb!GetProcAddress+0x92 (000e1192)
000e132d 5d              pop     ebp
000e132e 5e              pop     esi
000e132f 5f              pop     edi
000e1330 5b              pop     ebx
000e1331 83c40c          add     esp,0Ch
000e1334 c3              ret


expeb!ShellCode:
00000001`3ff71360 4053            push    rbx
00000001`3ff71362 4883ec20        sub     rsp,20h
00000001`3ff71366 65488b042530000000 mov   rax,qword ptr gs:[30h]
00000001`3ff7136f 488bd9          mov     rbx,rcx
00000001`3ff71372 488b5060        mov     rdx,qword ptr [rax+60h]
00000001`3ff71376 488991080a0000  mov     qword ptr [rcx+0A08h],rdx
00000001`3ff7137d e87efcffff      call    expeb!GetImageBase (00000001`3ff71000)
00000001`3ff71382 488b8b100a0000  mov     rcx,qword ptr [rbx+0A10h]
00000001`3ff71389 488bd3          mov     rdx,rbx
00000001`3ff7138c e86ffdffff      call    expeb!GetProcAddress (00000001`3ff71100)
00000001`3ff71391 488b8b180a0000  mov     rcx,qword ptr [rbx+0A18h]
00000001`3ff71398 488bd3          mov     rdx,rbx
00000001`3ff7139b e860fdffff      call    expeb!GetProcAddress (00000001`3ff71100)
00000001`3ff713a0 b82a000000      mov     eax,2Ah
00000001`3ff713a5 4883c420        add     rsp,20h
00000001`3ff713a9 5b              pop     rbx
00000001`3ff713aa c3              ret

expeb!GetImageBase:
00000001`3ff71000 488b81080a0000  mov     rax,qword ptr [rcx+0A08h]
00000001`3ff71007 4c8bc1          mov     r8,rcx
00000001`3ff7100a 4c8b4818        mov     r9,qword ptr [rax+18h]
00000001`3ff7100e 498b5120        mov     rdx,qword ptr [r9+20h]
00000001`3ff71012 4983c120        add     r9,20h
00000001`3ff71016 493bd1          cmp     rdx,r9
00000001`3ff71019 0f84cc000000    je      expeb!GetImageBase+0xeb (00000001`3ff710eb)
00000001`3ff7101f 4c8b91100a0000  mov     r10,qword ptr [rcx+0A10h]
00000001`3ff71026 488b4250        mov     rax,qword ptr [rdx+50h]
00000001`3ff7102a 4d85d2          test    r10,r10
00000001`3ff7102d 751a            jne     expeb!GetImageBase+0x49 (00000001`3ff71049)
00000001`3ff7102f 81386e007400    cmp     dword ptr [rax],74006Eh
00000001`3ff71035 7512            jne     expeb!GetImageBase+0x49 (00000001`3ff71049)
00000001`3ff71037 81780464006c00  cmp     dword ptr [rax+4],6C0064h
00000001`3ff7103e 7509            jne     expeb!GetImageBase+0x49 (00000001`3ff71049)
00000001`3ff71040 8178086c002e00  cmp     dword ptr [rax+8],2E006Ch
00000001`3ff71047 741c            je      expeb!GetImageBase+0x65 (00000001`3ff71065)
00000001`3ff71049 8b08            mov     ecx,dword ptr [rax]
00000001`3ff7104b 81f94e005400    cmp     ecx,54004Eh
00000001`3ff71051 751f            jne     expeb!GetImageBase+0x72 (00000001`3ff71072)
00000001`3ff71053 81780444004c00  cmp     dword ptr [rax+4],4C0044h
00000001`3ff7105a 7516            jne     expeb!GetImageBase+0x72 (00000001`3ff71072)
00000001`3ff7105c 8178084c002e00  cmp     dword ptr [rax+8],2E004Ch
00000001`3ff71063 750d            jne     expeb!GetImageBase+0x72 (00000001`3ff71072)
00000001`3ff71065 4c8b5220        mov     r10,qword ptr [rdx+20h]
00000001`3ff71069 4d8990100a0000  mov     qword ptr [r8+0A10h],r10
00000001`3ff71070 eb6d            jmp     expeb!GetImageBase+0xdf (00000001`3ff710df)
00000001`3ff71072 4983b8180a000000 cmp     qword ptr [r8+0A18h],0
00000001`3ff7107a 752c            jne     expeb!GetImageBase+0xa8 (00000001`3ff710a8)
00000001`3ff7107c 81f94b004500    cmp     ecx,45004Bh
00000001`3ff71082 7524            jne     expeb!GetImageBase+0xa8 (00000001`3ff710a8)
00000001`3ff71084 81780452004e00  cmp     dword ptr [rax+4],4E0052h
00000001`3ff7108b 751b            jne     expeb!GetImageBase+0xa8 (00000001`3ff710a8)
00000001`3ff7108d 81780845004c00  cmp     dword ptr [rax+8],4C0045h
00000001`3ff71094 7512            jne     expeb!GetImageBase+0xa8 (00000001`3ff710a8)
00000001`3ff71096 81780c33003200  cmp     dword ptr [rax+0Ch],320033h
00000001`3ff7109d 7509            jne     expeb!GetImageBase+0xa8 (00000001`3ff710a8)
00000001`3ff7109f 8178102e004400  cmp     dword ptr [rax+10h],44002Eh
00000001`3ff710a6 742c            je      expeb!GetImageBase+0xd4 (00000001`3ff710d4)
00000001`3ff710a8 81f96b006500    cmp     ecx,65006Bh
00000001`3ff710ae 752f            jne     expeb!GetImageBase+0xdf (00000001`3ff710df)
00000001`3ff710b0 81780472006e00  cmp     dword ptr [rax+4],6E0072h
00000001`3ff710b7 7526            jne     expeb!GetImageBase+0xdf (00000001`3ff710df)
00000001`3ff710b9 81780865006c00  cmp     dword ptr [rax+8],6C0065h
00000001`3ff710c0 751d            jne     expeb!GetImageBase+0xdf (00000001`3ff710df)
00000001`3ff710c2 81780c33003200  cmp     dword ptr [rax+0Ch],320033h
00000001`3ff710c9 7514            jne     expeb!GetImageBase+0xdf (00000001`3ff710df)
00000001`3ff710cb 8178102e006400  cmp     dword ptr [rax+10h],64002Eh
00000001`3ff710d2 750b            jne     expeb!GetImageBase+0xdf (00000001`3ff710df)
00000001`3ff710d4 488b4220        mov     rax,qword ptr [rdx+20h]
00000001`3ff710d8 498980180a0000  mov     qword ptr [r8+0A18h],rax
00000001`3ff710df 488b12          mov     rdx,qword ptr [rdx]
00000001`3ff710e2 493bd1          cmp     rdx,r9
00000001`3ff710e5 0f853bffffff    jne     expeb!GetImageBase+0x26 (00000001`3ff71026)
00000001`3ff710eb f3c3            rep ret

expeb!GetProcAddress:
00000001`3ff71100 4883ec08        sub     rsp,8
00000001`3ff71104 b84d5a0000      mov     eax,5A4Dh
00000001`3ff71109 4c8bd1          mov     r10,rcx
00000001`3ff7110c 663901          cmp     word ptr [rcx],ax
00000001`3ff7110f 0f8540020000    jne     expeb!GetProcAddress+0x255 (00000001`3ff71355)
00000001`3ff71115 448b493c        mov     r9d,dword ptr [rcx+3Ch]
00000001`3ff71119 41813c0950450000 cmp     dword ptr [r9+rcx],4550h
00000001`3ff71121 0f852e020000    jne     expeb!GetProcAddress+0x255 (00000001`3ff71355)
00000001`3ff71127 450fb7440904    movzx   r8d,word ptr [r9+rcx+4]
00000001`3ff7112d 41bb4c010000    mov     r11d,14Ch
00000001`3ff71133 66453bc3        cmp     r8w,r11w
00000001`3ff71137 740f            je      expeb!GetProcAddress+0x48 (00000001`3ff71148)
00000001`3ff71139 b864860000      mov     eax,8664h
00000001`3ff7113e 66443bc0        cmp     r8w,ax
00000001`3ff71142 0f850d020000    jne     expeb!GetProcAddress+0x255 (00000001`3ff71355)
00000001`3ff71148 48895c2410      mov     qword ptr [rsp+10h],rbx
00000001`3ff7114d 66453bc3        cmp     r8w,r11w
00000001`3ff71151 4889742420      mov     qword ptr [rsp+20h],rsi
00000001`3ff71156 48893c24        mov     qword ptr [rsp],rdi
00000001`3ff7115a b870000000      mov     eax,70h
00000001`3ff7115f b960000000      mov     ecx,60h
00000001`3ff71164 0f44c1          cmove   eax,ecx
00000001`3ff71167 4533db          xor     r11d,r11d
00000001`3ff7116a 4903c1          add     rax,r9
00000001`3ff7116d 468b4c1018      mov     r9d,dword ptr [rax+r10+18h]
00000001`3ff71172 4d03ca          add     r9,r10
00000001`3ff71175 418b5920        mov     ebx,dword ptr [r9+20h]
00000001`3ff71179 418b7924        mov     edi,dword ptr [r9+24h]
00000001`3ff7117d 418b711c        mov     esi,dword ptr [r9+1Ch]
00000001`3ff71181 4903da          add     rbx,r10
00000001`3ff71184 4903fa          add     rdi,r10
00000001`3ff71187 4903f2          add     rsi,r10
00000001`3ff7118a 45395918        cmp     dword ptr [r9+18h],r11d
00000001`3ff7118e 0f86b3010000    jbe     expeb!GetProcAddress+0x247 (00000001`3ff71347)
00000001`3ff71194 48896c2418      mov     qword ptr [rsp+18h],rbp
00000001`3ff71199 488baa200a0000  mov     rbp,qword ptr [rdx+0A20h]
00000001`3ff711a0 420fb70c5f      movzx   ecx,word ptr [rdi+r11*2]
00000001`3ff711a5 428b049b        mov     eax,dword ptr [rbx+r11*4]
00000001`3ff711a9 448b048e        mov     r8d,dword ptr [rsi+rcx*4]
00000001`3ff711ad 4903c2          add     rax,r10
00000001`3ff711b0 4d03c2          add     r8,r10
00000001`3ff711b3 4885ed          test    rbp,rbp
00000001`3ff711b6 752f            jne     expeb!GetProcAddress+0xe7 (00000001`3ff711e7)
00000001`3ff711b8 81384c6f6164    cmp     dword ptr [rax],64616F4Ch
00000001`3ff711be 7527            jne     expeb!GetProcAddress+0xe7 (00000001`3ff711e7)
00000001`3ff711c0 8178044c696272  cmp     dword ptr [rax+4],7262694Ch
00000001`3ff711c7 751e            jne     expeb!GetProcAddress+0xe7 (00000001`3ff711e7)
00000001`3ff711c9 81780861727957  cmp     dword ptr [rax+8],57797261h
00000001`3ff711d0 7515            jne     expeb!GetProcAddress+0xe7 (00000001`3ff711e7)
00000001`3ff711d2 4038680c        cmp     byte ptr [rax+0Ch],bpl
00000001`3ff711d6 750f            jne     expeb!GetProcAddress+0xe7 (00000001`3ff711e7)
00000001`3ff711d8 498be8          mov     rbp,r8
00000001`3ff711db 4c8982200a0000  mov     qword ptr [rdx+0A20h],r8
00000001`3ff711e2 e94e010000      jmp     expeb!GetProcAddress+0x235 (00000001`3ff71335)
00000001`3ff711e7 4883ba280a000000 cmp     qword ptr [rdx+0A28h],0
00000001`3ff711ef 7526            jne     expeb!GetProcAddress+0x117 (00000001`3ff71217)
00000001`3ff711f1 813846726565    cmp     dword ptr [rax],65657246h
00000001`3ff711f7 751e            jne     expeb!GetProcAddress+0x117 (00000001`3ff71217)
00000001`3ff711f9 8178044c696272  cmp     dword ptr [rax+4],7262694Ch
00000001`3ff71200 7515            jne     expeb!GetProcAddress+0x117 (00000001`3ff71217)
00000001`3ff71202 81780861727900  cmp     dword ptr [rax+8],797261h
00000001`3ff71209 750c            jne     expeb!GetProcAddress+0x117 (00000001`3ff71217)
00000001`3ff7120b 4c8982280a0000  mov     qword ptr [rdx+0A28h],r8
00000001`3ff71212 e91e010000      jmp     expeb!GetProcAddress+0x235 (00000001`3ff71335)
00000001`3ff71217 4883ba300a000000 cmp     qword ptr [rdx+0A30h],0
00000001`3ff7121f 7537            jne     expeb!GetProcAddress+0x158 (00000001`3ff71258)
00000001`3ff71221 813847657450    cmp     dword ptr [rax],50746547h
00000001`3ff71227 752f            jne     expeb!GetProcAddress+0x158 (00000001`3ff71258)
00000001`3ff71229 817804726f6341  cmp     dword ptr [rax+4],41636F72h
00000001`3ff71230 7526            jne     expeb!GetProcAddress+0x158 (00000001`3ff71258)
00000001`3ff71232 81780864647265  cmp     dword ptr [rax+8],65726464h
00000001`3ff71239 751d            jne     expeb!GetProcAddress+0x158 (00000001`3ff71258)
00000001`3ff7123b 8b480c          mov     ecx,dword ptr [rax+0Ch]
00000001`3ff7123e 81e1ffffff00    and     ecx,0FFFFFFh
00000001`3ff71244 81f973730000    cmp     ecx,7373h
00000001`3ff7124a 750c            jne     expeb!GetProcAddress+0x158 (00000001`3ff71258)
00000001`3ff7124c 4c8982300a0000  mov     qword ptr [rdx+0A30h],r8
00000001`3ff71253 e9dd000000      jmp     expeb!GetProcAddress+0x235 (00000001`3ff71335)
00000001`3ff71258 4883ba380a000000 cmp     qword ptr [rdx+0A38h],0
00000001`3ff71260 752c            jne     expeb!GetProcAddress+0x18e (00000001`3ff7128e)
00000001`3ff71262 813843726561    cmp     dword ptr [rax],61657243h
00000001`3ff71268 7524            jne     expeb!GetProcAddress+0x18e (00000001`3ff7128e)
00000001`3ff7126a 81780474655468  cmp     dword ptr [rax+4],68546574h
00000001`3ff71271 751b            jne     expeb!GetProcAddress+0x18e (00000001`3ff7128e)
00000001`3ff71273 81780872656164  cmp     dword ptr [rax+8],64616572h
00000001`3ff7127a 7512            jne     expeb!GetProcAddress+0x18e (00000001`3ff7128e)
00000001`3ff7127c 80780c00        cmp     byte ptr [rax+0Ch],0
00000001`3ff71280 750c            jne     expeb!GetProcAddress+0x18e (00000001`3ff7128e)
00000001`3ff71282 4c8982380a0000  mov     qword ptr [rdx+0A38h],r8
00000001`3ff71289 e9a7000000      jmp     expeb!GetProcAddress+0x235 (00000001`3ff71335)
00000001`3ff7128e 4883ba400a000000 cmp     qword ptr [rdx+0A40h],0
00000001`3ff71296 7533            jne     expeb!GetProcAddress+0x1cb (00000001`3ff712cb)
00000001`3ff71298 813852746c45    cmp     dword ptr [rax],456C7452h
00000001`3ff7129e 752b            jne     expeb!GetProcAddress+0x1cb (00000001`3ff712cb)
00000001`3ff712a0 81780478697455  cmp     dword ptr [rax+4],55746978h
00000001`3ff712a7 7522            jne     expeb!GetProcAddress+0x1cb (00000001`3ff712cb)
00000001`3ff712a9 81780873657254  cmp     dword ptr [rax+8],54726573h
00000001`3ff712b0 7519            jne     expeb!GetProcAddress+0x1cb (00000001`3ff712cb)
00000001`3ff712b2 81780c68726561  cmp     dword ptr [rax+0Ch],61657268h
00000001`3ff712b9 7510            jne     expeb!GetProcAddress+0x1cb (00000001`3ff712cb)
00000001`3ff712bb 6683781064      cmp     word ptr [rax+10h],64h
00000001`3ff712c0 7509            jne     expeb!GetProcAddress+0x1cb (00000001`3ff712cb)
00000001`3ff712c2 4c8982400a0000  mov     qword ptr [rdx+0A40h],r8
00000001`3ff712c9 eb6a            jmp     expeb!GetProcAddress+0x235 (00000001`3ff71335)
00000001`3ff712cb 4883ba480a000000 cmp     qword ptr [rdx+0A48h],0
00000001`3ff712d3 7535            jne     expeb!GetProcAddress+0x20a (00000001`3ff7130a)
00000001`3ff712d5 813857616974    cmp     dword ptr [rax],74696157h
00000001`3ff712db 752d            jne     expeb!GetProcAddress+0x20a (00000001`3ff7130a)
00000001`3ff712dd 817804466f7253  cmp     dword ptr [rax+4],53726F46h
00000001`3ff712e4 7524            jne     expeb!GetProcAddress+0x20a (00000001`3ff7130a)
00000001`3ff712e6 817808696e676c  cmp     dword ptr [rax+8],6C676E69h
00000001`3ff712ed 751b            jne     expeb!GetProcAddress+0x20a (00000001`3ff7130a)
00000001`3ff712ef 81780c654f626a  cmp     dword ptr [rax+0Ch],6A624F65h
00000001`3ff712f6 7512            jne     expeb!GetProcAddress+0x20a (00000001`3ff7130a)
00000001`3ff712f8 81781065637400  cmp     dword ptr [rax+10h],746365h
00000001`3ff712ff 7509            jne     expeb!GetProcAddress+0x20a (00000001`3ff7130a)
00000001`3ff71301 4c8982480a0000  mov     qword ptr [rdx+0A48h],r8
00000001`3ff71308 eb2b            jmp     expeb!GetProcAddress+0x235 (00000001`3ff71335)
00000001`3ff7130a 4883ba500a000000 cmp     qword ptr [rdx+0A50h],0
00000001`3ff71312 7521            jne     expeb!GetProcAddress+0x235 (00000001`3ff71335)
00000001`3ff71314 8138436c6f73    cmp     dword ptr [rax],736F6C43h
00000001`3ff7131a 7519            jne     expeb!GetProcAddress+0x235 (00000001`3ff71335)
00000001`3ff7131c 8178046548616e  cmp     dword ptr [rax+4],6E614865h
00000001`3ff71323 7510            jne     expeb!GetProcAddress+0x235 (00000001`3ff71335)
00000001`3ff71325 817808646c6500  cmp     dword ptr [rax+8],656C64h
00000001`3ff7132c 7507            jne     expeb!GetProcAddress+0x235 (00000001`3ff71335)
00000001`3ff7132e 4c8982500a0000  mov     qword ptr [rdx+0A50h],r8
00000001`3ff71335 41ffc3          inc     r11d
00000001`3ff71338 453b5918        cmp     r11d,dword ptr [r9+18h]
00000001`3ff7133c 0f825efeffff    jb      expeb!GetProcAddress+0xa0 (00000001`3ff711a0)
00000001`3ff71342 488b6c2418      mov     rbp,qword ptr [rsp+18h]
00000001`3ff71347 488b742420      mov     rsi,qword ptr [rsp+20h]
00000001`3ff7134c 488b5c2410      mov     rbx,qword ptr [rsp+10h]
00000001`3ff71351 488b3c24        mov     rdi,qword ptr [rsp]
00000001`3ff71355 4883c408        add     rsp,8
00000001`3ff71359 c3              ret
