     1                                  [org 0]
     2                                  [bits 64]
     3                                  
     4 00000000 48895C2408              mov     qword [rsp+8],rbx
     5 00000005 57                      push    rdi
     6 00000006 4883EC30                sub     rsp,30h
     7 0000000A 4889CB                  mov     rbx,rcx
     8 0000000D 4881C100040000          add     rcx,400h
     9 00000014 48B878563412FFFFFF-     mov     rax, 0xffffffff12345678
    10 0000001D FF                 
    11 0000001E FFD0                    call    rax ; LoadLibrary
    12 00000020 BAADDE0000              mov     edx,0DEADh
    13 00000025 4889C1                  mov     rcx,rax
    14 00000028 4889C7                  mov     rdi,rax
    15 0000002B 48B878563412FFFFFF-     mov     rax, 0xffffffff12345678
    16 00000034 FF                 
    17 00000035 FFD0                    call    rax ; GetProcAddress
    18 00000037 31C9                    xor     ecx,ecx
    19 00000039 4989D9                  mov     r9,rbx
    20 0000003C 48894C2428              mov     qword [rsp+28h],rcx
    21 00000041 4989C0                  mov     r8,rax
    22 00000044 31D2                    xor     edx,edx
    23 00000046 894C2420                mov     dword [rsp+20h],ecx
    24 0000004A 48B878563412FFFFFF-     mov     rax, 0xffffffff12345678
    25 00000053 FF                 
    26 00000054 FFD0                    call    rax ; CreateThread
    27 00000056 83CAFF                  or      edx,0FFFFFFFFh
    28 00000059 4889C1                  mov     rcx,rax
    29 0000005C 4889C3                  mov     rbx,rax
    30 0000005F 48B878563412FFFFFF-     mov     rax, 0xffffffff12345678
    31 00000068 FF                 
    32 00000069 FFD0                    call    rax ; WaitForSingleObject
    33 0000006B 4889D9                  mov     rcx,rbx
    34 0000006E 48B878563412FFFFFF-     mov     rax, 0xffffffff12345678
    35 00000077 FF                 
    36 00000078 FFD0                    call    rax ; CloseHandle
    37 0000007A 4889F9                  mov     rcx,rdi
    38 0000007D 48B878563412FFFFFF-     mov     rax, 0xffffffff12345678
    39 00000086 FF                 
    40 00000087 FFD0                    call    rax ; FreeLibrary
    41 00000089 31C9                    xor     ecx,ecx
    42 0000008B 48B878563412FFFFFF-     mov     rax, 0xffffffff12345678
    43 00000094 FF                 
    44 00000095 FFD0                    call    rax ; ExitThread
    45 00000097 CD03                    int     3
    46 00000099 CD03                    int     3
